<?xml version="1.0" encoding="UTF-8"?>
<testsuites name="jest tests" tests="4" failures="3" time="2.924">
  <testsuite name="Contacts APP" errors="0" failures="3" skipped="0" timestamp="2020-05-08T12:58:46" time="1.767" tests="4">
    <testcase classname="Contacts APP Should render Contact component" name="Contacts APP Should render Contact component" time="0.055">
    </testcase>
    <testcase classname="Contacts APP Should render Contacts component" name="Contacts APP Should render Contacts component" time="0.023">
      <failure>Error: Unable to find an element by: [data-testid=&quot;contacts&quot;]

&lt;body&gt;
  &lt;div&gt;
    &lt;section
      class=&quot;contacts&quot;
    /&gt;
  &lt;/div&gt;
&lt;/body&gt;
    at Object.getElementError (/home/xd/codenation/react-13/node_modules/@testing-library/dom/dist/config.js:34:12)
    at /home/xd/codenation/react-13/node_modules/@testing-library/dom/dist/query-helpers.js:71:38
    at getByTestId (/home/xd/codenation/react-13/node_modules/@testing-library/dom/dist/query-helpers.js:54:17)
    at Object.&lt;anonymous&gt; (/home/xd/codenation/react-13/src/__tests__/submit.test.js:30:21)
    at Object.asyncJestTest (/home/xd/codenation/react-13/node_modules/jest-jasmine2/build/jasmineAsyncInstall.js:102:37)
    at /home/xd/codenation/react-13/node_modules/jest-jasmine2/build/queueRunner.js:43:12
    at new Promise (&lt;anonymous&gt;)
    at mapper (/home/xd/codenation/react-13/node_modules/jest-jasmine2/build/queueRunner.js:26:19)
    at /home/xd/codenation/react-13/node_modules/jest-jasmine2/build/queueRunner.js:73:41</failure>
    </testcase>
    <testcase classname="Contacts APP Should render Filters component" name="Contacts APP Should render Filters component" time="0.055">
      <failure>Error: Unable to find an element by: [data-testid=&quot;filters&quot;]

&lt;body&gt;
  &lt;div&gt;
    &lt;section
      class=&quot;filters&quot;
    &gt;
      &lt;div
        class=&quot;filters__search&quot;
      &gt;
        &lt;input
          class=&quot;filters__search__input&quot;
          placeholder=&quot;Pesquisar&quot;
          type=&quot;text&quot;
        /&gt;
        &lt;button
          class=&quot;filters__search__icon&quot;
        &gt;
          &lt;i
            class=&quot;fa fa-search&quot;
          /&gt;
        &lt;/button&gt;
      &lt;/div&gt;
      &lt;button
        class=&quot;filters__item&quot;
        type=&quot;button&quot;
      &gt;
        Nome
        &lt;i
          class=&quot;fas fa-sort-down&quot;
        /&gt;
      &lt;/button&gt;
      &lt;button
        class=&quot;filters__item&quot;
        type=&quot;button&quot;
      &gt;
        País
        &lt;i
          class=&quot;fas fa-sort-down&quot;
        /&gt;
      &lt;/button&gt;
      &lt;button
        class=&quot;filters__item&quot;
        type=&quot;button&quot;
      &gt;
        Empresa
        &lt;i
          class=&quot;fas fa-sort-down&quot;
        /&gt;
      &lt;/button&gt;
      &lt;button
        class=&quot;filters__item&quot;
        type=&quot;button&quot;
      &gt;
        Departamento
        &lt;i
          class=&quot;fas fa-sort-down&quot;
        /&gt;
      &lt;/button&gt;
      &lt;button
        class=&quot;filters__item&quot;
        type=&quot;button&quot;
      &gt;
        Data de admissão
        &lt;i
          class=&quot;fas fa-sort-down&quot;
        /&gt;
      &lt;/button&gt;
    &lt;/section&gt;
  &lt;/div&gt;
&lt;/body&gt;
    at Object.getElementError (/home/xd/codenation/react-13/node_modules/@testing-library/dom/dist/config.js:34:12)
    at /home/xd/codenation/react-13/node_modules/@testing-library/dom/dist/query-helpers.js:71:38
    at getByTestId (/home/xd/codenation/react-13/node_modules/@testing-library/dom/dist/query-helpers.js:54:17)
    at Object.&lt;anonymous&gt; (/home/xd/codenation/react-13/src/__tests__/submit.test.js:38:21)
    at Object.asyncJestTest (/home/xd/codenation/react-13/node_modules/jest-jasmine2/build/jasmineAsyncInstall.js:102:37)
    at /home/xd/codenation/react-13/node_modules/jest-jasmine2/build/queueRunner.js:43:12
    at new Promise (&lt;anonymous&gt;)
    at mapper (/home/xd/codenation/react-13/node_modules/jest-jasmine2/build/queueRunner.js:26:19)
    at /home/xd/codenation/react-13/node_modules/jest-jasmine2/build/queueRunner.js:73:41</failure>
    </testcase>
    <testcase classname="Contacts APP Should render Topbar component" name="Contacts APP Should render Topbar component" time="0.045">
      <failure>Error: Unable to find an element by: [data-testid=&quot;topbar&quot;]

&lt;body&gt;
  &lt;div&gt;
    &lt;header
      class=&quot;topbar&quot;
    &gt;
      &lt;div
        class=&quot;container&quot;
      &gt;
        &lt;a
          class=&quot;topbar__logo&quot;
          href=&quot;/&quot;
        &gt;
          &lt;svg
            alt=&quot;Logo Instagram&quot;
          &gt;
            logo.svg
          &lt;/svg&gt;
        &lt;/a&gt;
      &lt;/div&gt;
    &lt;/header&gt;
  &lt;/div&gt;
&lt;/body&gt;
    at Object.getElementError (/home/xd/codenation/react-13/node_modules/@testing-library/dom/dist/config.js:34:12)
    at /home/xd/codenation/react-13/node_modules/@testing-library/dom/dist/query-helpers.js:71:38
    at getByTestId (/home/xd/codenation/react-13/node_modules/@testing-library/dom/dist/query-helpers.js:54:17)
    at Object.&lt;anonymous&gt; (/home/xd/codenation/react-13/src/__tests__/submit.test.js:46:21)
    at Object.asyncJestTest (/home/xd/codenation/react-13/node_modules/jest-jasmine2/build/jasmineAsyncInstall.js:102:37)
    at /home/xd/codenation/react-13/node_modules/jest-jasmine2/build/queueRunner.js:43:12
    at new Promise (&lt;anonymous&gt;)
    at mapper (/home/xd/codenation/react-13/node_modules/jest-jasmine2/build/queueRunner.js:26:19)
    at /home/xd/codenation/react-13/node_modules/jest-jasmine2/build/queueRunner.js:73:41</failure>
    </testcase>
  </testsuite>
</testsuites>