<?xml version="1.0" encoding="UTF-8"?>
<testsuites name="jest tests" tests="4" failures="4" time="29.023">
  <testsuite name="Contacts APP" errors="0" failures="4" skipped="0" timestamp="2020-05-07T22:46:56" time="24.743" tests="4">
    <testcase classname="Contacts APP Should render Contact component" name="Contacts APP Should render Contact component" time="0.048">
      <failure>Error: Unable to find an element by: [data-testid=&quot;contact&quot;]

&lt;body&gt;
  &lt;div&gt;
    &lt;div /&gt;
  &lt;/div&gt;
&lt;/body&gt;
    at Object.getElementError (/home/xd/codenation/react-13/node_modules/@testing-library/dom/dist/config.js:34:12)
    at /home/xd/codenation/react-13/node_modules/@testing-library/dom/dist/query-helpers.js:71:38
    at getByTestId (/home/xd/codenation/react-13/node_modules/@testing-library/dom/dist/query-helpers.js:54:17)
    at Object.&lt;anonymous&gt; (/home/xd/codenation/react-13/src/__tests__/submit.test.js:22:21)
    at Object.asyncJestTest (/home/xd/codenation/react-13/node_modules/jest-jasmine2/build/jasmineAsyncInstall.js:102:37)
    at /home/xd/codenation/react-13/node_modules/jest-jasmine2/build/queueRunner.js:43:12
    at new Promise (&lt;anonymous&gt;)
    at mapper (/home/xd/codenation/react-13/node_modules/jest-jasmine2/build/queueRunner.js:26:19)
    at /home/xd/codenation/react-13/node_modules/jest-jasmine2/build/queueRunner.js:73:41
    at processTicksAndRejections (internal/process/task_queues.js:97:5)</failure>
    </testcase>
    <testcase classname="Contacts APP Should render Contacts component" name="Contacts APP Should render Contacts component" time="0.012">
      <failure>Error: Unable to find an element by: [data-testid=&quot;contacts&quot;]

&lt;body&gt;
  &lt;div&gt;
    &lt;div /&gt;
  &lt;/div&gt;
&lt;/body&gt;
    at Object.getElementError (/home/xd/codenation/react-13/node_modules/@testing-library/dom/dist/config.js:34:12)
    at /home/xd/codenation/react-13/node_modules/@testing-library/dom/dist/query-helpers.js:71:38
    at getByTestId (/home/xd/codenation/react-13/node_modules/@testing-library/dom/dist/query-helpers.js:54:17)
    at Object.&lt;anonymous&gt; (/home/xd/codenation/react-13/src/__tests__/submit.test.js:30:21)
    at Object.asyncJestTest (/home/xd/codenation/react-13/node_modules/jest-jasmine2/build/jasmineAsyncInstall.js:102:37)
    at /home/xd/codenation/react-13/node_modules/jest-jasmine2/build/queueRunner.js:43:12
    at new Promise (&lt;anonymous&gt;)
    at mapper (/home/xd/codenation/react-13/node_modules/jest-jasmine2/build/queueRunner.js:26:19)
    at /home/xd/codenation/react-13/node_modules/jest-jasmine2/build/queueRunner.js:73:41</failure>
    </testcase>
    <testcase classname="Contacts APP Should render Filters component" name="Contacts APP Should render Filters component" time="0.062">
      <failure>Error: Unable to find an element by: [data-testid=&quot;filters&quot;]

&lt;body&gt;
  &lt;div&gt;
    &lt;div
      class=&quot;teste&quot;
    &gt;
      &lt;button
        class=&quot;filters__item&quot;
        type=&quot;button&quot;
      &gt;
        Nome
        &lt;i
          class=&quot;fas fa-sort-down&quot;
        /&gt;
      &lt;/button&gt;
      &lt;button
        class=&quot;filters__item&quot;
        type=&quot;button&quot;
      &gt;
        Pais
        &lt;i
          class=&quot;fas fa-sort-down&quot;
        /&gt;
      &lt;/button&gt;
    &lt;/div&gt;
  &lt;/div&gt;
&lt;/body&gt;
    at Object.getElementError (/home/xd/codenation/react-13/node_modules/@testing-library/dom/dist/config.js:34:12)
    at /home/xd/codenation/react-13/node_modules/@testing-library/dom/dist/query-helpers.js:71:38
    at getByTestId (/home/xd/codenation/react-13/node_modules/@testing-library/dom/dist/query-helpers.js:54:17)
    at Object.&lt;anonymous&gt; (/home/xd/codenation/react-13/src/__tests__/submit.test.js:38:21)
    at Object.asyncJestTest (/home/xd/codenation/react-13/node_modules/jest-jasmine2/build/jasmineAsyncInstall.js:102:37)
    at /home/xd/codenation/react-13/node_modules/jest-jasmine2/build/queueRunner.js:43:12
    at new Promise (&lt;anonymous&gt;)
    at mapper (/home/xd/codenation/react-13/node_modules/jest-jasmine2/build/queueRunner.js:26:19)
    at /home/xd/codenation/react-13/node_modules/jest-jasmine2/build/queueRunner.js:73:41</failure>
    </testcase>
    <testcase classname="Contacts APP Should render Topbar component" name="Contacts APP Should render Topbar component" time="0.011">
      <failure>Error: Unable to find an element by: [data-testid=&quot;topbar&quot;]

&lt;body&gt;
  &lt;div&gt;
    &lt;div /&gt;
  &lt;/div&gt;
&lt;/body&gt;
    at Object.getElementError (/home/xd/codenation/react-13/node_modules/@testing-library/dom/dist/config.js:34:12)
    at /home/xd/codenation/react-13/node_modules/@testing-library/dom/dist/query-helpers.js:71:38
    at getByTestId (/home/xd/codenation/react-13/node_modules/@testing-library/dom/dist/query-helpers.js:54:17)
    at Object.&lt;anonymous&gt; (/home/xd/codenation/react-13/src/__tests__/submit.test.js:46:21)
    at Object.asyncJestTest (/home/xd/codenation/react-13/node_modules/jest-jasmine2/build/jasmineAsyncInstall.js:102:37)
    at /home/xd/codenation/react-13/node_modules/jest-jasmine2/build/queueRunner.js:43:12
    at new Promise (&lt;anonymous&gt;)
    at mapper (/home/xd/codenation/react-13/node_modules/jest-jasmine2/build/queueRunner.js:26:19)
    at /home/xd/codenation/react-13/node_modules/jest-jasmine2/build/queueRunner.js:73:41</failure>
    </testcase>
  </testsuite>
</testsuites>